[debug] [2019-11-06T11:39:35.324Z] ----------------------------------------------------------------------
[debug] [2019-11-06T11:39:35.326Z] Command:       /Users/zhaobiao/.nvm/versions/node/v10.16.0/bin/node /Users/zhaobiao/.nvm/versions/node/v10.16.0/bin/firebase login --reauth
[debug] [2019-11-06T11:39:35.327Z] CLI Version:   7.6.2
[debug] [2019-11-06T11:39:35.327Z] Platform:      darwin
[debug] [2019-11-06T11:39:35.327Z] Node Version:  v10.16.0
[debug] [2019-11-06T11:39:35.328Z] Time:          Wed Nov 06 2019 19:39:35 GMT+0800 (China Standard Time)
[debug] [2019-11-06T11:39:35.328Z] ----------------------------------------------------------------------
[debug] [2019-11-06T11:39:35.328Z] 
[info] i  Firebase optionally collects CLI usage and error reporting information to help improve our products. Data is collected in accordance with Google's privacy policy (https://policies.google.com/privacy) and is not used to identify you.

[info] 
[info] Visit this URL on this device to log in:
[info] https://accounts.google.com/o/oauth2/auth?client_id=563584335869-fgrhgmd47bqnekij5i8b5pr03ho849e6.apps.googleusercontent.com&scope=email%20openid%20https%3A%2F%2Fwww.googleapis.com%2Fauth%2Fcloudplatformprojects.readonly%20https%3A%2F%2Fwww.googleapis.com%2Fauth%2Ffirebase%20https%3A%2F%2Fwww.googleapis.com%2Fauth%2Fcloud-platform&response_type=code&state=987188561&redirect_uri=http%3A%2F%2Flocalhost%3A9005
[info] 
[info] Waiting for authentication...
[debug] [2019-11-06T11:39:48.253Z] >>> HTTP REQUEST POST https://accounts.google.com/o/oauth2/token  

[debug] [2019-11-06T11:41:04.195Z] Token Fetch Error: FirebaseError: Server Error. connect ETIMEDOUT 172.217.27.141:443
    at Request._callback (/Users/zhaobiao/.nvm/versions/node/v10.16.0/lib/node_modules/firebase-tools/lib/api.js:30:31)
    at self.callback (/Users/zhaobiao/.nvm/versions/node/v10.16.0/lib/node_modules/firebase-tools/node_modules/request/request.js:185:22)
    at Request.emit (events.js:198:13)
    at Request.EventEmitter.emit (domain.js:448:20)
    at Request.onRequestError (/Users/zhaobiao/.nvm/versions/node/v10.16.0/lib/node_modules/firebase-tools/node_modules/request/request.js:881:8)
    at ClientRequest.emit (events.js:198:13)
    at ClientRequest.EventEmitter.emit (domain.js:448:20)
    at TLSSocket.socketErrorListener (_http_client.js:392:9)
    at TLSSocket.emit (events.js:198:13)
    at TLSSocket.EventEmitter.emit (domain.js:448:20)
